# JRE version: Java(TM) SE Runtime Environment (8.0_351-b10) (build 1.8.0_351-b10)
# Java VM: Java HotSpot(TM) 64-Bit Server VM (25.351-b10 mixed mode windows-amd64 compressed oops)
Heap:
 PSYoungGen      total 377856K, used 84452K [0x000000076b500000, 0x0000000786d00000, 0x00000007c0000000)
  eden space 338432K, 21% used [0x000000076b500000,0x000000076fa91af8,0x000000077ff80000)
  from space 39424K, 33% used [0x000000077ff80000,0x0000000780c67718,0x0000000782600000)
  to   space 36864K, 0% used [0x0000000784900000,0x0000000784900000,0x0000000786d00000)
 ParOldGen       total 262144K, used 169704K [0x00000006c1e00000, 0x00000006d1e00000, 0x000000076b500000)
  object space 262144K, 64% used [0x00000006c1e00000,0x00000006cc3ba0f0,0x00000006d1e00000)
 Metaspace       used 43707K, capacity 45472K, committed 45784K, reserved 1089536K
  class space    used 6097K, capacity 6549K, committed 6616K, reserved 1048576K
GC Heap History (10 events):
Event: 35.018 GC heap before
{Heap before GC invocations=26 (full 2):
 PSYoungGen      total 258560K, used 44578K [0x000000076b500000, 0x0000000780900000, 0x00000007c0000000)
  eden space 237568K, 13% used [0x000000076b500000,0x000000076d42f7e8,0x0000000779d00000)
  from space 20992K, 60% used [0x0000000779d00000,0x000000077a9592e0,0x000000077b180000)
  to   space 20480K, 0% used [0x000000077f500000,0x000000077f500000,0x0000000780900000)
 ParOldGen       total 147968K, used 109449K [0x00000006c1e00000, 0x00000006cae80000, 0x000000076b500000)
  object space 147968K, 73% used [0x00000006c1e00000,0x00000006c88e2440,0x00000006cae80000)
 Metaspace       used 34933K, capacity 35228K, committed 35416K, reserved 1079296K
  class space    used 4567K, capacity 4687K, committed 4696K, reserved 1048576K
Event: 35.023 GC heap after
Heap after GC invocations=26 (full 2):
 PSYoungGen      total 327168K, used 1669K [0x000000076b500000, 0x0000000780c00000, 0x00000007c0000000)
  eden space 306688K, 0% used [0x000000076b500000,0x000000076b500000,0x000000077e080000)
  from space 20480K, 8% used [0x000000077f500000,0x000000077f6a1730,0x0000000780900000)
  to   space 20992K, 0% used [0x000000077e080000,0x000000077e080000,0x000000077f500000)
 ParOldGen       total 147968K, used 116333K [0x00000006c1e00000, 0x00000006cae80000, 0x000000076b500000)
  object space 147968K, 78% used [0x00000006c1e00000,0x00000006c8f9b7b8,0x00000006cae80000)
 Metaspace       used 34933K, capacity 35228K, committed 35416K, reserved 1079296K
  class space    used 4567K, capacity 4687K, committed 4696K, reserved 1048576K
}
Event: 35.023 GC heap before
{Heap before GC invocations=27 (full 3):
 PSYoungGen      total 327168K, used 1669K [0x000000076b500000, 0x0000000780c00000, 0x00000007c0000000)
  eden space 306688K, 0% used [0x000000076b500000,0x000000076b500000,0x000000077e080000)
  from space 20480K, 8% used [0x000000077f500000,0x000000077f6a1730,0x0000000780900000)
  to   space 20992K, 0% used [0x000000077e080000,0x000000077e080000,0x000000077f500000)
 ParOldGen       total 147968K, used 116333K [0x00000006c1e00000, 0x00000006cae80000, 0x000000076b500000)
  object space 147968K, 78% used [0x00000006c1e00000,0x00000006c8f9b7b8,0x00000006cae80000)
 Metaspace       used 34933K, capacity 35228K, committed 35416K, reserved 1079296K
  class space    used 4567K, capacity 4687K, committed 4696K, reserved 1048576K
Event: 35.374 GC heap after
Heap after GC invocations=27 (full 3):
 PSYoungGen      total 327168K, used 0K [0x000000076b500000, 0x0000000780c00000, 0x00000007c0000000)
  eden space 306688K, 0% used [0x000000076b500000,0x000000076b500000,0x000000077e080000)
  from space 20480K, 0% used [0x000000077f500000,0x000000077f500000,0x0000000780900000)
  to   space 20992K, 0% used [0x000000077e080000,0x000000077e080000,0x000000077f500000)
 ParOldGen       total 262144K, used 112825K [0x00000006c1e00000, 0x00000006d1e00000, 0x000000076b500000)
  object space 262144K, 43% used [0x00000006c1e00000,0x00000006c8c2e6b0,0x00000006d1e00000)
 Metaspace       used 34933K, capacity 35228K, committed 35416K, reserved 1079296K
  class space    used 4567K, capacity 4687K, committed 4696K, reserved 1048576K
}
Event: 38.074 GC heap before
{Heap before GC invocations=28 (full 3):
 PSYoungGen      total 327168K, used 306688K [0x000000076b500000, 0x0000000780c00000, 0x00000007c0000000)
  eden space 306688K, 100% used [0x000000076b500000,0x000000077e080000,0x000000077e080000)
  from space 20480K, 0% used [0x000000077f500000,0x000000077f500000,0x0000000780900000)
  to   space 20992K, 0% used [0x000000077e080000,0x000000077e080000,0x000000077f500000)
 ParOldGen       total 262144K, used 112825K [0x00000006c1e00000, 0x00000006d1e00000, 0x000000076b500000)
  object space 262144K, 43% used [0x00000006c1e00000,0x00000006c8c2e6b0,0x00000006d1e00000)
 Metaspace       used 37264K, capacity 37834K, committed 37976K, reserved 1081344K
  class space    used 4967K, capacity 5119K, committed 5208K, reserved 1048576K
Event: 38.088 GC heap after
Heap after GC invocations=28 (full 3):
 PSYoungGen      total 327680K, used 18027K [0x000000076b500000, 0x0000000783c80000, 0x00000007c0000000)
  eden space 306688K, 0% used [0x000000076b500000,0x000000076b500000,0x000000077e080000)
  from space 20992K, 85% used [0x000000077e080000,0x000000077f21ad00,0x000000077f500000)
  to   space 23040K, 0% used [0x0000000782600000,0x0000000782600000,0x0000000783c80000)
 ParOldGen       total 262144K, used 112833K [0x00000006c1e00000, 0x00000006d1e00000, 0x000000076b500000)
  object space 262144K, 43% used [0x00000006c1e00000,0x00000006c8c306b0,0x00000006d1e00000)
 Metaspace       used 37264K, capacity 37834K, committed 37976K, reserved 1081344K
  class space    used 4967K, capacity 5119K, committed 5208K, reserved 1048576K
}
Event: 40.141 GC heap before
{Heap before GC invocations=29 (full 3):
 PSYoungGen      total 327680K, used 324715K [0x000000076b500000, 0x0000000783c80000, 0x00000007c0000000)
  eden space 306688K, 100% used [0x000000076b500000,0x000000077e080000,0x000000077e080000)
  from space 20992K, 85% used [0x000000077e080000,0x000000077f21ad00,0x000000077f500000)
  to   space 23040K, 0% used [0x0000000782600000,0x0000000782600000,0x0000000783c80000)
 ParOldGen       total 262144K, used 112833K [0x00000006c1e00000, 0x00000006d1e00000, 0x000000076b500000)
  object space 262144K, 43% used [0x00000006c1e00000,0x00000006c8c306b0,0x00000006d1e00000)
 Metaspace       used 39534K, capacity 40638K, committed 40792K, reserved 1085440K
  class space    used 5367K, capacity 5606K, committed 5720K, reserved 1048576K
Event: 40.167 GC heap after
Heap after GC invocations=29 (full 3):
 PSYoungGen      total 361472K, used 23023K [0x000000076b500000, 0x0000000785200000, 0x00000007c0000000)
  eden space 338432K, 0% used [0x000000076b500000,0x000000076b500000,0x000000077ff80000)
  from space 23040K, 99% used [0x0000000782600000,0x0000000783c7bf80,0x0000000783c80000)
  to   space 39424K, 0% used [0x000000077ff80000,0x000000077ff80000,0x0000000782600000)
 ParOldGen       total 262144K, used 146893K [0x00000006c1e00000, 0x00000006d1e00000, 0x000000076b500000)
  object space 262144K, 56% used [0x00000006c1e00000,0x00000006cad737f8,0x00000006d1e00000)
 Metaspace       used 39534K, capacity 40638K, committed 40792K, reserved 1085440K
  class space    used 5367K, capacity 5606K, committed 5720K, reserved 1048576K
}
Event: 42.879 GC heap before
{Heap before GC invocations=30 (full 3):
 PSYoungGen      total 361472K, used 361455K [0x000000076b500000, 0x0000000785200000, 0x00000007c0000000)
  eden space 338432K, 100% used [0x000000076b500000,0x000000077ff80000,0x000000077ff80000)
  from space 23040K, 99% used [0x0000000782600000,0x0000000783c7bf80,0x0000000783c80000)
  to   space 39424K, 0% used [0x000000077ff80000,0x000000077ff80000,0x0000000782600000)
 ParOldGen       total 262144K, used 146893K [0x00000006c1e00000, 0x00000006d1e00000, 0x000000076b500000)
  object space 262144K, 56% used [0x00000006c1e00000,0x00000006cad737f8,0x00000006d1e00000)
 Metaspace       used 42335K, capacity 43938K, committed 43992K, reserved 1087488K
  class space    used 5922K, capacity 6314K, committed 6360K, reserved 1048576K
Event: 42.898 GC heap after
Heap after GC invocations=30 (full 3):
 PSYoungGen      total 377856K, used 13213K [0x000000076b500000, 0x0000000786d00000, 0x00000007c0000000)
  eden space 338432K, 0% used [0x000000076b500000,0x000000076b500000,0x000000077ff80000)
  from space 39424K, 33% used [0x000000077ff80000,0x0000000780c67718,0x0000000782600000)
  to   space 36864K, 0% used [0x0000000784900000,0x0000000784900000,0x0000000786d00000)
 ParOldGen       total 262144K, used 169704K [0x00000006c1e00000, 0x00000006d1e00000, 0x000000076b500000)
  object space 262144K, 64% used [0x00000006c1e00000,0x00000006cc3ba0f0,0x00000006d1e00000)
 Metaspace       used 42335K, capacity 43938K, committed 43992K, reserved 1087488K
  class space    used 5922K, capacity 6314K, committed 6360K, reserved 1048576K
}

